
   INFO  Starting server on 0.0.0.0:8080 (127.0.0.1).  

  Connection Established ................................. 520934483.819729276  
  Message Received ....................................... 520934483.819729276  
  
   1▕ [1m{[0m 
   2▕ [1m    "event": "pusher:subscribe",[0m 
   3▕ [1m    "data": {[0m 
   4▕ [1m        "auth": "",[0m 
   5▕ [1m        "channel": "chats.ch1"[0m 
   6▕ [1m    }[0m 
   7▕ [1m}[0m 

  Message Handled ........................................ 520934483.819729276  
  Broadcasting To .................................................. chats.ch1  
  
   1▕ [1m{[0m 
   2▕ [1m    "event": "NewChatEvent",[0m 
   3▕ [1m    "data": {[0m 
   4▕ [1m        "chat": {[0m 
   5▕ [1m            "id": 1005,[0m 
   6▕ [1m            "contact_name": "AFTER SUBSCRIPTION Test",[0m 
   7▕ [1m            "last_message": "This should appear! 18:28:58"...[0m 

  Control Frame Received ................................. 520934483.819729276  
  
   1▕ [1mnull[0m 

  Connection Closed ...................................... 520934483.819729276  
  Connection Established ................................. 682822907.790711611  
  Message Received ....................................... 682822907.790711611  
  
   1▕ [1m{[0m 
   2▕ [1m    "event": "pusher:subscribe",[0m 
   3▕ [1m    "data": {[0m 
   4▕ [1m        "auth": "",[0m 
   5▕ [1m        "channel": "chats.ch1"[0m 
   6▕ [1m    }[0m 
   7▕ [1m}[0m 

  Message Handled ........................................ 682822907.790711611  
  Pruning Stale Connections ..................................................  
  Pinging Inactive Connections ...............................................  
  Broadcasting To .................................................. chats.ch1  
  
   1▕ [1m{[0m 
   2▕ [1m    "event": "NewChatEvent",[0m 
   3▕ [1m    "data": {[0m 
   4▕ [1m        "chat": {[0m 
   5▕ [1m            "id": 777,[0m 
   6▕ [1m            "contact_name": "GLOBAL LISTENER TEST",[0m 
   7▕ [1m            "last_message": "Testing with global listener",...[0m 

  Message Received ....................................... 682822907.790711611  
  
   1▕ [1m{[0m 
   2▕ [1m    "event": "pusher:subscribe",[0m 
   3▕ [1m    "data": {[0m 
   4▕ [1m        "auth": "ohrtagckj2hqoiocg7wz:efbde0f46bd927bfc7f9c7f92770b670786f1f7b89e00ce3232bee355241a87f",[0m 
   5▕ [1m        "channel": "private-chat.1"[0m 
   6▕ [1m    }[0m 
   7▕ [1m}[0m 

  Message Handled ........................................ 682822907.790711611  
  Message Received ....................................... 682822907.790711611  
  
   1▕ [1m{[0m 
   2▕ [1m    "event": "pusher:subscribe",[0m 
   3▕ [1m    "data": {[0m 
   4▕ [1m        "auth": "ohrtagckj2hqoiocg7wz:bb96fa2854af8ae9c90155834fbae8b4fd93c82fa28419d1688e00afc0070010",[0m 
   5▕ [1m        "channel": "private-contact.1.presence...[0m 

  Message Handled ........................................ 682822907.790711611  
  Message Received ....................................... 682822907.790711611  
  
   1▕ [1m{[0m 
   2▕ [1m    "event": "pusher:subscribe",[0m 
   3▕ [1m    "data": {[0m 
   4▕ [1m        "auth": "ohrtagckj2hqoiocg7wz:9ddf22fa39f8382970f7e02ee540e15c3ceb2df2156d3d6e012f0cda51af88bc",[0m 
   5▕ [1m        "channel": "private-workspace.1.presen...[0m 

  Message Handled ........................................ 682822907.790711611  
  Broadcasting To .................................................. chats.ch1  
  
   1▕ [1m{[0m 
   2▕ [1m    "event": "NewChatEvent",[0m 
   3▕ [1m    "data": {[0m 
   4▕ [1m        "chat": [[0m 
   5▕ [1m            {[0m 
   6▕ [1m                "type": "chat",[0m 
   7▕ [1m                "value": {[0m 
   8▕ [1m                    "id": 153,[0m 
   9▕ [1m                    "wam_id": "tr...[0m 

  Broadcasting To .................................................. chats.ch1  
  
   1▕ [1m{[0m 
   2▕ [1m    "event": "NewChatEvent",[0m 
   3▕ [1m    "data": {[0m 
   4▕ [1m        "chat": {[0m 
   5▕ [1m            "id": 888,[0m 
   6▕ [1m            "contact_name": "DELAYED TEST",[0m 
   7▕ [1m            "last_message": "This was delayed 5 seconds",...[0m 

  Control Frame Received ................................. 682822907.790711611  
  
   1▕ [1mnull[0m 

  Connection Closed ...................................... 682822907.790711611  
  Connection Established ................................. 890797323.338772165  
  Message Received ....................................... 890797323.338772165  
  
   1▕ [1m{[0m 
   2▕ [1m    "event": "pusher:subscribe",[0m 
   3▕ [1m    "data": {[0m 
   4▕ [1m        "auth": "",[0m 
   5▕ [1m        "channel": "chats.ch1"[0m 
   6▕ [1m    }[0m 
   7▕ [1m}[0m 

  Message Handled ........................................ 890797323.338772165  
  Pruning Stale Connections ..................................................  
  Pinging Inactive Connections ...............................................  
  Message Received ....................................... 890797323.338772165  
  
   1▕ [1m{[0m 
   2▕ [1m    "event": "pusher:subscribe",[0m 
   3▕ [1m    "data": {[0m 
   4▕ [1m        "auth": "ohrtagckj2hqoiocg7wz:1888d9d8f77ccffc5db5589817d7d98f16ace2f5d06bb2c92a7310bdac44d256",[0m 
   5▕ [1m        "channel": "private-chats.ch1"[0m 
   6▕ [1m    }[0m 
   7▕ [1m}[0m 

  Message Handled ........................................ 890797323.338772165  
  Broadcasting To .......................................... private-chats.ch1  
  
   1▕ [1m{[0m 
   2▕ [1m    "event": "NewChatEvent",[0m 
   3▕ [1m    "data": {[0m 
   4▕ [1m        "chat": {[0m 
   5▕ [1m            "id": 999,[0m 
   6▕ [1m            "contact_name": "PRIVATE CHANNEL TEST",[0m 
   7▕ [1m            "last_message": "Testing private channel broadcast...[0m 

  Pruning Stale Connections ..................................................  
  Pinging Inactive Connections ...............................................  
  Broadcasting To .......................................... private-chats.ch1  
  
   1▕ [1m{[0m 
   2▕ [1m    "event": "NewChatEvent",[0m 
   3▕ [1m    "data": {[0m 
   4▕ [1m        "chat": {[0m 
   5▕ [1m            "id": 999,[0m 
   6▕ [1m            "contact_name": "PRIVATE CHANNEL TEST",[0m 
   7▕ [1m            "last_message": "Testing private channel",...[0m 

  Broadcasting To .......................................... private-chats.ch1  
  
   1▕ [1m{[0m 
   2▕ [1m    "event": "NewChatEvent",[0m 
   3▕ [1m    "data": {[0m 
   4▕ [1m        "chat": [[0m 
   5▕ [1m            {[0m 
   6▕ [1m                "type": "chat",[0m 
   7▕ [1m                "value": {[0m 
   8▕ [1m                    "id": 999,[0m 
   9▕ [1m                    "wam_id": "te...[0m 

  Control Frame Received ................................. 890797323.338772165  
  
   1▕ [1mnull[0m 

  Connection Closed ...................................... 890797323.338772165  
  Connection Established ................................. 495345685.435286758  
  Message Received ....................................... 495345685.435286758  
  
   1▕ [1m{[0m 
   2▕ [1m    "event": "pusher:subscribe",[0m 
   3▕ [1m    "data": {[0m 
   4▕ [1m        "auth": "ohrtagckj2hqoiocg7wz:98a9693d8fe54b825ca073ebeb50138876f3456febaad1c53ae90901e8e76b17",[0m 
   5▕ [1m        "channel": "private-chats.ch1"[0m 
   6▕ [1m    }[0m 
   7▕ [1m}[0m 

  Message Handled ........................................ 495345685.435286758  
  Pruning Stale Connections ..................................................  
  Pinging Inactive Connections ...............................................  
  Message Received ....................................... 495345685.435286758  
  
   1▕ [1m{[0m 
   2▕ [1m    "event": "pusher:ping",[0m 
   3▕ [1m    "data": [][0m 
   4▕ [1m}[0m 

  Message Handled ........................................ 495345685.435286758  
  Message Received ....................................... 495345685.435286758  
  
   1▕ [1m{[0m 
   2▕ [1m    "event": "pusher:subscribe",[0m 
   3▕ [1m    "data": {[0m 
   4▕ [1m        "auth": "ohrtagckj2hqoiocg7wz:4caeffed5b7b7631533cd63e38e8fd26362341953a52f074f48762f2b77bfd1d",[0m 
   5▕ [1m        "channel": "private-chat.1"[0m 
   6▕ [1m    }[0m 
   7▕ [1m}[0m 

  Message Handled ........................................ 495345685.435286758  
  Message Received ....................................... 495345685.435286758  
  
   1▕ [1m{[0m 
   2▕ [1m    "event": "pusher:subscribe",[0m 
   3▕ [1m    "data": {[0m 
   4▕ [1m        "auth": "ohrtagckj2hqoiocg7wz:d5cad74a1bcdf77a22312816136d373ea97b1408b9f38c3071d1da9322ce1559",[0m 
   5▕ [1m        "channel": "private-contact.1.presence...[0m 

  Message Handled ........................................ 495345685.435286758  
  Message Received ....................................... 495345685.435286758  
  
   1▕ [1m{[0m 
   2▕ [1m    "event": "pusher:subscribe",[0m 
   3▕ [1m    "data": {[0m 
   4▕ [1m        "auth": "ohrtagckj2hqoiocg7wz:9e0634b450aeec49fe3e1ee74ef2e77b53ce5d916823e6282289092a2f82eaff",[0m 
   5▕ [1m        "channel": "private-workspace.1.presen...[0m 

  Message Handled ........................................ 495345685.435286758  
  Broadcasting To .......................................... private-chats.ch1  
  
   1▕ [1m{[0m 
   2▕ [1m    "event": "NewChatEvent",[0m 
   3▕ [1m    "data": {[0m 
   4▕ [1m        "chat": [[0m 
   5▕ [1m            {[0m 
   6▕ [1m                "type": "chat",[0m 
   7▕ [1m                "value": {[0m 
   8▕ [1m                    "id": 155,[0m 
   9▕ [1m                    "uuid": "a9a8...[0m 

  Control Frame Received ................................. 495345685.435286758  
  
   1▕ [1mnull[0m 

  Connection Closed ...................................... 495345685.435286758  
  Connection Established ................................. 759551538.110109137  
  Message Received ....................................... 759551538.110109137  
  
   1▕ [1m{[0m 
   2▕ [1m    "event": "pusher:subscribe",[0m 
   3▕ [1m    "data": {[0m 
   4▕ [1m        "auth": "ohrtagckj2hqoiocg7wz:f196ccd54f4370bba068edc73b35e7af465c8ebd3bc72f92d79bd81478ead29d",[0m 
   5▕ [1m        "channel": "private-chats.ch1"[0m 
   6▕ [1m    }[0m 
   7▕ [1m}[0m 

  Message Handled ........................................ 759551538.110109137  
  Pruning Stale Connections ..................................................  
  Pinging Inactive Connections ...............................................  
  Broadcasting To .......................................... private-chats.ch1  
  
   1▕ [1m{[0m 
   2▕ [1m    "event": "NewChatEvent",[0m 
   3▕ [1m    "data": {[0m 
   4▕ [1m        "chat": [[0m 
   5▕ [1m            {[0m 
   6▕ [1m                "type": "chat",[0m 
   7▕ [1m                "value": {[0m 
   8▕ [1m                    "id": 888,[0m 
   9▕ [1m                    "wam_id": "te...[0m 

  Control Frame Received ................................. 759551538.110109137  
  
   1▕ [1mnull[0m 

  Connection Closed ...................................... 759551538.110109137  
  Connection Established ................................. 574814343.997996802  
  Message Received ....................................... 574814343.997996802  
  
   1▕ [1m{[0m 
   2▕ [1m    "event": "pusher:subscribe",[0m 
   3▕ [1m    "data": {[0m 
   4▕ [1m        "auth": "ohrtagckj2hqoiocg7wz:337ad13ef3bbbbeb38b67b666bc9d6a63855c74b150f2069d658d99fad8b743b",[0m 
   5▕ [1m        "channel": "private-chats.ch1"[0m 
   6▕ [1m    }[0m 
   7▕ [1m}[0m 

  Message Handled ........................................ 574814343.997996802  

   INFO  Gracefully terminating connections.  

  Connection Closed ...................................... 574814343.997996802  
